<?xml version="1.0" encoding="UTF-8"?>
<!-- Generated by org.testng.reporters.JUnitReportReporter -->
<testsuite hostname="LAPTOP-VN4RIQR7" name="steps.FBLoginnPOST" tests="1" failures="0" timestamp="8 May 2020 12:31:12 GMT" time="15.511" errors="0">
  <testcase name="launchandLogin" time="15.511" classname="steps.FBLoginnPOST"/>
</testsuite> <!-- steps.FBLoginnPOST -->
